<?xml version="1.0" encoding="UTF-8"?>
<!-- Generated by org.testng.reporters.JUnitReportReporter -->
<testsuite hostname="DESKTOP-AMGSKQ8" failures="0" tests="5" name="api.test.UserTest" time="9.758" errors="0" timestamp="2024-02-14T08:52:22 IST" skipped="1">
  <testcase classname="api.test.UserTest" name="createUserTest" time="6.256"/>
  <testcase classname="api.test.UserTest" name="getUserTest" time="1.220"/>
  <testcase classname="api.test.UserTest" name="updateUserTest" time="1.118"/>
  <testcase classname="api.test.UserTest" name="deleteUserTest" time="1.164"/>
  <testcase classname="api.test.UserTest" name="createUserTest1">
    <skipped/>
  </testcase> <!-- createUserTest1 -->
</testsuite> <!-- api.test.UserTest -->
